<?xml version="1.0" encoding="UTF-8"?>
<!-- Generated by org.testng.reporters.JUnitXMLReporter -->
<testsuite ignored="0" hostname="staah-Lenovo-V130-15IKB" failures="1" tests="1" name="Test" time="18.06" errors="0" timestamp="2023-11-27T17:33:14 IST">
  <testcase classname="MaxBEDemo.MaxBE.pageTest.LandingPageTest" name="listingPageTest" time="4.975">
    <failure type="java.lang.AssertionError" message="expected [true] but found [false]">
      <![CDATA[java.lang.AssertionError: expected [true] but found [false]
at MaxBEDemo.MaxBE.pageTest.LandingPageTest.listingPageTest(LandingPageTest.java:21)
at java.base/java.util.ArrayList.forEach(ArrayList.java:1541)
... Removed 31 stack frames]]>
    </failure>
  </testcase> <!-- listingPageTest -->
</testsuite> <!-- Test -->
