<?xml version="1.0" encoding="UTF-8"?>
<testng-results ignored="0" total="1" passed="1" failed="0" skipped="0">
  <reporter-output>
  </reporter-output>
  <suite started-at="2023-10-19T07:06:28 IST" name="Suite" finished-at="2023-10-19T07:06:39 IST" duration-ms="11581">
    <groups>
    </groups>
    <test started-at="2023-10-19T07:06:28 IST" name="Test" finished-at="2023-10-19T07:06:39 IST" duration-ms="11581">
      <class name="MaxBEDemo.MaxBE.pageTest.LandingPageTest">
        <test-method is-config="true" signature="lunchApplication()[pri:0, instance:MaxBEDemo.MaxBE.pageTest.LandingPageTest@12ed9db6]" started-at="2023-10-19T07:06:28 IST" name="lunchApplication" finished-at="2023-10-19T07:06:35 IST" duration-ms="7882" status="PASS">
          <reporter-output>
          </reporter-output>
        </test-method> <!-- lunchApplication -->
        <test-method signature="listingPageTest()[pri:0, instance:MaxBEDemo.MaxBE.pageTest.LandingPageTest@12ed9db6]" started-at="2023-10-19T07:06:35 IST" name="listingPageTest" finished-at="2023-10-19T07:06:39 IST" duration-ms="3574" status="PASS">
          <reporter-output>
          </reporter-output>
        </test-method> <!-- listingPageTest -->
        <test-method is-config="true" signature="tearsDown()[pri:0, instance:MaxBEDemo.MaxBE.pageTest.LandingPageTest@12ed9db6]" started-at="2023-10-19T07:06:39 IST" name="tearsDown" finished-at="2023-10-19T07:06:39 IST" duration-ms="96" status="PASS">
          <reporter-output>
          </reporter-output>
        </test-method> <!-- tearsDown -->
      </class> <!-- MaxBEDemo.MaxBE.pageTest.LandingPageTest -->
    </test> <!-- Test -->
  </suite> <!-- Suite -->
</testng-results>
